2019/12/04 19:16:23 listening on port :8001
2019/12/04 19:17:13 
 hello
2019/12/04 19:17:13 request id is LKT-11 (1 file(s))
 
2019/12/04 19:17:22 
 hgnjf
2019/12/04 19:17:22 request id is LKT-12 (1 file(s))
 
2019/12/04 19:19:24 
 hfkvk
2019/12/04 19:19:24 request id is LKT-13 (1 file(s))
 
2019/12/04 19:41:08 processing image...
2019/12/04 20:10:48 processing image...
2019/12/05 01:20:05 
 05.12.19

Annalena

Weck den Manu um 4 Uhr nachts und rauch einen Joint mit ihm.
2019/12/05 01:20:05 request id is LKT-16 (1 file(s))
 
2019/12/05 01:21:34 
 05.12.19

Annalena 

weck den Manu um 1:23 nachts und rauch einen Joint mit ihm
2019/12/05 01:21:34 request id is LKT-17 (1 file(s))
 
2019/12/06 01:30:34 
 "Die Gefahren des Drogenkonsums können genauso groß sein wie die Gefahren in anderen Lebensbereichen. Es gibt keinen nennenswerten Unterschied zwischen Reiten und Ecstasy." 

David Nutt (*1951)
Drogenforscher und bis 
2009 Vorsitzender des
Drogensachverständigenrats
der britischen Regierung
2019/12/06 01:30:34 request id is LKT-18 (1 file(s))
 
2019/12/06 01:59:15 
 Adventstür Nr 6

Mary

Weck Annalena um 02:00 und 
schau zu wie sie einen
Joint raucht
2019/12/06 01:59:15 request id is LKT-19 (1 file(s))
 
2019/12/06 12:10:32 processing image...
2019/12/06 12:13:52 processing image...
2019/12/06 17:10:04 
 Annalena     29.09.
Thanh        15.06.
Josef        16.03.
Maria        16.01.
Jesus        25.12.
2019/12/06 17:10:04 request id is LKT-22 (1 file(s))
 
2019/12/06 17:15:16 
       Geburtstage
_________________________


Annalena           29.09.

Thanh              15.06.

Josef              16.03.

Maria              16.01.

Jesus              25.12.
2019/12/06 17:15:17 request id is LKT-23 (1 file(s))
 
2019/12/07 20:26:22 request id is LKT-24 (1 file(s))
 
2019/12/07 20:27:15 
 stressed
depressed
but well dressed 
2019/12/07 20:27:15 request id is LKT-25 (1 file(s))
 
2019/12/08 13:53:59 processing image...
2019/12/08 13:56:35 multipart: NextPart: unexpected EOF
exit status 1
